<?xml version="1.0" encoding="UTF-8"?>
<!-- Generated by org.testng.reporters.JUnitReportReporter -->
<testsuite hostname="LAPTOP-T1RAV8IF" failures="0" tests="1" name="testScripts.BasicAuthSample" time="6.306" errors="0" timestamp="2022-02-07T15:46:20 IST" skipped="0">
  <testcase classname="testScripts.BasicAuthSample" name="getWeather" time="6.306"/>
  <system-out/>
</testsuite> <!-- testScripts.BasicAuthSample -->
