<?xml version="1.0" encoding="UTF-8"?>
<!-- Generated by org.testng.reporters.JUnitReportReporter -->
<testsuite hostname="LAPTOP-T1RAV8IF" failures="0" tests="2" name="testScripts.GetRequestSample" time="8.882" errors="0" timestamp="2022-02-07T14:09:30 IST" skipped="0">
  <testcase classname="testScripts.GetRequestSample" name="testResponseBDD" time="6.377"/>
  <system-out/>
  <testcase classname="testScripts.GetRequestSample" name="testResponseStatus" time="2.505"/>
  <system-out/>
</testsuite> <!-- testScripts.GetRequestSample -->
