<?xml version="1.0" encoding="UTF-8"?>
<!-- Generated by org.testng.reporters.JUnitReportReporter -->
<testsuite hostname="LAPTOP-T1RAV8IF" failures="0" tests="1" name="testScripts.PutRequestSample" time="6.429" errors="0" timestamp="2022-02-08T15:43:45 IST" skipped="0">
  <testcase classname="testScripts.PutRequestSample" name="createPost" time="6.429"/>
  <system-out/>
</testsuite> <!-- testScripts.PutRequestSample -->
