<?xml version="1.0" encoding="UTF-8"?>
<!-- Generated by org.testng.reporters.JUnitReportReporter -->
<testsuite hostname="LAPTOP-T1RAV8IF" failures="0" tests="1" name="testScripts.PostRequestSample" time="4.432" errors="0" timestamp="2022-02-07T14:45:57 IST" skipped="0">
  <testcase classname="testScripts.PostRequestSample" name="postUserWithAuth" time="4.432"/>
  <system-out/>
</testsuite> <!-- testScripts.PostRequestSample -->
